

致命错误:  Unhandled Access Violation Reading 0x0000 Exception at 7088cc71h

04/21/2019 at 12:35:15.174  图形: Drawing1.dwg
-------------


致命错误:  Unhandled e06d7363h Exception at 5bfb7788h

07/12/2019 at 15:30:38.745  图形: Drawing1.dwg
-------------


致命错误:  Unhandled e06d7363h Exception at 5bfb7788h

07/12/2019 at 15:31:53.348  图形: Drawing1.dwg
-------------


致命错误:  Unhandled e06d7363h Exception at 1e3e7788h

07/13/2019 at 15:22:45.951  图形: Drawing1.dwg
-------------


致命错误:  Unhandled e06d7363h Exception at e80c7788h

07/17/2019 at 10:24:22.396  图形: Drawing1.dwg
-------------


致命错误:  Unhandled e06d7363h Exception at 3d3f5518h

07/23/2019 at 16:19:10.648  图形: F:\2019实习\铁四院实习\改移道路\真实数据\杭温一期地形图\15-地形图DK110+300-DK157+100.dwg
-------------


致命错误:  Unhandled e06d7363h Exception at 3d3f5518h

07/23/2019 at 16:20:13.055  图形: F:\2019实习\铁四院实习\改移道路\真实数据\杭温一期地形图\15-地形图DK110+300-DK157+100.dwg
-------------


致命错误:  Unhandled e06d7363h Exception at 7666fd82h

08/20/2019 at 11:29:08.925  图形: Drawing1.dwg
-------------


致命错误:  Unhandled e06d7363h Exception at 75bfa388h

09/02/2019 at 16:20:01.535  图形: F:\既有线-2017.9\改移道路\算例\DK114-DK147\15-地形图DK110+300-DK157+100.dwg
-------------


致命错误:  Unhandled e06d7363h Exception at 75bfa388h

09/02/2019 at 16:20:28.120  图形: F:\既有线-2017.9\改移道路\算例\DK114-DK147\15-地形图DK110+300-DK157+100.dwg
-------------


致命错误:  Unhandled e06d7363h Exception at 2a17a388h

09/03/2019 at 22:37:35.142  图形: Drawing1.dwg
-------------


致命错误:  Unhandled e06d7363h Exception at 2a17a388h

09/03/2019 at 22:38:03.896  图形: Drawing1.dwg
-------------


致命错误:  Unhandled e06d7363h Exception at 2a17a388h

09/03/2019 at 22:39:43.782  图形: Drawing1.dwg
-------------


致命错误:  Unhandled e06d7363h Exception at 2a17a388h

09/03/2019 at 22:40:40.489  图形: Drawing1.dwg
-------------


内部错误:  !dbobji.cpp@7227: eNotOpenForWrite

09/19/2019 at 21:37:36.993  图形: Drawing1.dwg
-------------


致命错误:  Unhandled e06d7363h Exception at 23199129h

10/21/2019 at 22:27:46.666  图形: Drawing1.dwg
-------------


致命错误:  

11/08/2019 at 16:26:02.566  图形: Drawing1.dwg
-------------
